# JRE version: OpenJDK Runtime Environment (8.0_292-b10) (build 1.8.0_292-8u292-b10-0ubuntu1~20.04-b10)
# Java VM: OpenJDK 64-Bit Server VM (25.292-b10 mixed mode linux-amd64 compressed oops)
Heap:
 PSYoungGen      total 349696K, used 143967K [0x000000076d200000, 0x0000000785f00000, 0x00000007c0000000)
  eden space 308224K, 33% used [0x000000076d200000,0x0000000773714a80,0x000000077ff00000)
  from space 41472K, 97% used [0x0000000782d00000,0x00000007854832d8,0x0000000785580000)
  to   space 47104K, 0% used [0x000000077ff00000,0x000000077ff00000,0x0000000782d00000)
 ParOldGen       total 206848K, used 69165K [0x00000006c7600000, 0x00000006d4000000, 0x000000076d200000)
  object space 206848K, 33% used [0x00000006c7600000,0x00000006cb98b5e8,0x00000006d4000000)
 Metaspace       used 214719K, capacity 221630K, committed 222976K, reserved 1251328K
  class space    used 19276K, capacity 20490K, committed 20736K, reserved 1048576K
GC Heap History (10 events):
Event: 5906,590 GC heap before
{Heap before GC invocations=175 (full 17):
 PSYoungGen      total 280576K, used 252223K [0x000000076d200000, 0x0000000782600000, 0x00000007c0000000)
  eden space 238592K, 100% used [0x000000076d200000,0x000000077bb00000,0x000000077bb00000)
  from space 41984K, 32% used [0x000000077bb00000,0x000000077c84fe38,0x000000077e400000)
  to   space 40448K, 0% used [0x000000077fe80000,0x000000077fe80000,0x0000000782600000)
 ParOldGen       total 206848K, used 69149K [0x00000006c7600000, 0x00000006d4000000, 0x000000076d200000)
  object space 206848K, 33% used [0x00000006c7600000,0x00000006cb9875e8,0x00000006d4000000)
 Metaspace       used 198196K, capacity 204954K, committed 207104K, reserved 1236992K
  class space    used 18412K, capacity 19630K, committed 19968K, reserved 1048576K
Event: 5906,602 GC heap after
Heap after GC invocations=175 (full 17):
 PSYoungGen      total 297472K, used 16471K [0x000000076d200000, 0x0000000781f00000, 0x00000007c0000000)
  eden space 264192K, 0% used [0x000000076d200000,0x000000076d200000,0x000000077d400000)
  from space 33280K, 49% used [0x000000077fe80000,0x0000000780e95fb0,0x0000000781f00000)
  to   space 38400K, 0% used [0x000000077d400000,0x000000077d400000,0x000000077f980000)
 ParOldGen       total 206848K, used 69157K [0x00000006c7600000, 0x00000006d4000000, 0x000000076d200000)
  object space 206848K, 33% used [0x00000006c7600000,0x00000006cb9895e8,0x00000006d4000000)
 Metaspace       used 198196K, capacity 204954K, committed 207104K, reserved 1236992K
  class space    used 18412K, capacity 19630K, committed 19968K, reserved 1048576K
}
Event: 5912,555 GC heap before
{Heap before GC invocations=176 (full 17):
 PSYoungGen      total 297472K, used 280663K [0x000000076d200000, 0x0000000781f00000, 0x00000007c0000000)
  eden space 264192K, 100% used [0x000000076d200000,0x000000077d400000,0x000000077d400000)
  from space 33280K, 49% used [0x000000077fe80000,0x0000000780e95fb0,0x0000000781f00000)
  to   space 38400K, 0% used [0x000000077d400000,0x000000077d400000,0x000000077f980000)
 ParOldGen       total 206848K, used 69157K [0x00000006c7600000, 0x00000006d4000000, 0x000000076d200000)
  object space 206848K, 33% used [0x00000006c7600000,0x00000006cb9895e8,0x00000006d4000000)
 Metaspace       used 198476K, capacity 205274K, committed 207360K, reserved 1236992K
  class space    used 18414K, capacity 19630K, committed 19968K, reserved 1048576K
Event: 5912,571 GC heap after
Heap after GC invocations=176 (full 17):
 PSYoungGen      total 302592K, used 22516K [0x000000076d200000, 0x0000000783680000, 0x00000007c0000000)
  eden space 264192K, 0% used [0x000000076d200000,0x000000076d200000,0x000000077d400000)
  from space 38400K, 58% used [0x000000077d400000,0x000000077e9fd370,0x000000077f980000)
  to   space 37888K, 0% used [0x0000000781180000,0x0000000781180000,0x0000000783680000)
 ParOldGen       total 206848K, used 69157K [0x00000006c7600000, 0x00000006d4000000, 0x000000076d200000)
  object space 206848K, 33% used [0x00000006c7600000,0x00000006cb9895e8,0x00000006d4000000)
 Metaspace       used 198476K, capacity 205274K, committed 207360K, reserved 1236992K
  class space    used 18414K, capacity 19630K, committed 19968K, reserved 1048576K
}
Event: 5913,197 GC heap before
{Heap before GC invocations=177 (full 17):
 PSYoungGen      total 302592K, used 286708K [0x000000076d200000, 0x0000000783680000, 0x00000007c0000000)
  eden space 264192K, 100% used [0x000000076d200000,0x000000077d400000,0x000000077d400000)
  from space 38400K, 58% used [0x000000077d400000,0x000000077e9fd370,0x000000077f980000)
  to   space 37888K, 0% used [0x0000000781180000,0x0000000781180000,0x0000000783680000)
 ParOldGen       total 206848K, used 69157K [0x00000006c7600000, 0x00000006d4000000, 0x000000076d200000)
  object space 206848K, 33% used [0x00000006c7600000,0x00000006cb9895e8,0x00000006d4000000)
 Metaspace       used 200170K, capacity 206912K, committed 209024K, reserved 1239040K
  class space    used 18531K, capacity 19727K, committed 20096K, reserved 1048576K
Event: 5913,213 GC heap after
Heap after GC invocations=177 (full 17):
 PSYoungGen      total 326144K, used 25610K [0x000000076d200000, 0x0000000783a00000, 0x00000007c0000000)
  eden space 288256K, 0% used [0x000000076d200000,0x000000076d200000,0x000000077eb80000)
  from space 37888K, 67% used [0x0000000781180000,0x0000000782a82b40,0x0000000783680000)
  to   space 38912K, 0% used [0x000000077eb80000,0x000000077eb80000,0x0000000781180000)
 ParOldGen       total 206848K, used 69165K [0x00000006c7600000, 0x00000006d4000000, 0x000000076d200000)
  object space 206848K, 33% used [0x00000006c7600000,0x00000006cb98b5e8,0x00000006d4000000)
 Metaspace       used 200170K, capacity 206912K, committed 209024K, reserved 1239040K
  class space    used 18531K, capacity 19727K, committed 20096K, reserved 1048576K
}
Event: 5916,835 GC heap before
{Heap before GC invocations=178 (full 17):
 PSYoungGen      total 326144K, used 313866K [0x000000076d200000, 0x0000000783a00000, 0x00000007c0000000)
  eden space 288256K, 100% used [0x000000076d200000,0x000000077eb80000,0x000000077eb80000)
  from space 37888K, 67% used [0x0000000781180000,0x0000000782a82b40,0x0000000783680000)
  to   space 38912K, 0% used [0x000000077eb80000,0x000000077eb80000,0x0000000781180000)
 ParOldGen       total 206848K, used 69165K [0x00000006c7600000, 0x00000006d4000000, 0x000000076d200000)
  object space 206848K, 33% used [0x00000006c7600000,0x00000006cb98b5e8,0x00000006d4000000)
 Metaspace       used 201529K, capacity 208344K, committed 210176K, reserved 1239040K
  class space    used 18619K, capacity 19827K, committed 20224K, reserved 1048576K
Event: 5916,851 GC heap after
Heap after GC invocations=178 (full 17):
 PSYoungGen      total 327168K, used 31559K [0x000000076d200000, 0x0000000785580000, 0x00000007c0000000)
  eden space 288256K, 0% used [0x000000076d200000,0x000000076d200000,0x000000077eb80000)
  from space 38912K, 81% used [0x000000077eb80000,0x0000000780a51dc8,0x0000000781180000)
  to   space 41472K, 0% used [0x0000000782d00000,0x0000000782d00000,0x0000000785580000)
 ParOldGen       total 206848K, used 69165K [0x00000006c7600000, 0x00000006d4000000, 0x000000076d200000)
  object space 206848K, 33% used [0x00000006c7600000,0x00000006cb98b5e8,0x00000006d4000000)
 Metaspace       used 201529K, capacity 208344K, committed 210176K, reserved 1239040K
  class space    used 18619K, capacity 19827K, committed 20224K, reserved 1048576K
}
Event: 5920,260 GC heap before
{Heap before GC invocations=179 (full 17):
 PSYoungGen      total 327168K, used 319815K [0x000000076d200000, 0x0000000785580000, 0x00000007c0000000)
  eden space 288256K, 100% used [0x000000076d200000,0x000000077eb80000,0x000000077eb80000)
  from space 38912K, 81% used [0x000000077eb80000,0x0000000780a51dc8,0x0000000781180000)
  to   space 41472K, 0% used [0x0000000782d00000,0x0000000782d00000,0x0000000785580000)
 ParOldGen       total 206848K, used 69165K [0x00000006c7600000, 0x00000006d4000000, 0x000000076d200000)
  object space 206848K, 33% used [0x00000006c7600000,0x00000006cb98b5e8,0x00000006d4000000)
 Metaspace       used 203927K, capacity 210968K, committed 212352K, reserved 1241088K
  class space    used 18802K, capacity 20073K, committed 20352K, reserved 1048576K
Event: 5920,292 GC heap after
Heap after GC invocations=179 (full 17):
 PSYoungGen      total 349696K, used 40460K [0x000000076d200000, 0x0000000785f00000, 0x00000007c0000000)
  eden space 308224K, 0% used [0x000000076d200000,0x000000076d200000,0x000000077ff00000)
  from space 41472K, 97% used [0x0000000782d00000,0x00000007854832d8,0x0000000785580000)
  to   space 47104K, 0% used [0x000000077ff00000,0x000000077ff00000,0x0000000782d00000)
 ParOldGen       total 206848K, used 69165K [0x00000006c7600000, 0x00000006d4000000, 0x000000076d200000)
  object space 206848K, 33% used [0x00000006c7600000,0x00000006cb98b5e8,0x00000006d4000000)
 Metaspace       used 203927K, capacity 210968K, committed 212352K, reserved 1241088K
  class space    used 18802K, capacity 20073K, committed 20352K, reserved 1048576K
}

