# JRE version: Java(TM) SE Runtime Environment (8.0_201-b09) (build 1.8.0_201-b09)
# Java VM: Java HotSpot(TM) 64-Bit Server VM (25.201-b09 mixed mode linux-amd64 compressed oops)
Heap:
 PSYoungGen      total 316416K, used 225340K [0x000000076cf00000, 0x0000000783180000, 0x00000007c0000000)
  eden space 273408K, 71% used [0x000000076cf00000,0x0000000778d20830,0x000000077da00000)
  from space 43008K, 71% used [0x0000000780500000,0x00000007822ee808,0x0000000782f00000)
  to   space 44032K, 0% used [0x000000077da00000,0x000000077da00000,0x0000000780500000)
 ParOldGen       total 260096K, used 86236K [0x00000006c6c00000, 0x00000006d6a00000, 0x000000076cf00000)
  object space 260096K, 33% used [0x00000006c6c00000,0x00000006cc0372b8,0x00000006d6a00000)
 Metaspace       used 103551K, capacity 108802K, committed 109096K, reserved 1144832K
  class space    used 11819K, capacity 12785K, committed 12848K, reserved 1048576K
GC Heap History (10 events):
Event: 1527,208 GC heap before
{Heap before GC invocations=107 (full 7):
 PSYoungGen      total 283648K, used 257000K [0x000000076cf00000, 0x0000000782300000, 0x00000007c0000000)
  eden space 257024K, 99% used [0x000000076cf00000,0x000000077c9fa218,0x000000077ca00000)
  from space 26624K, 0% used [0x000000077ca00000,0x000000077ca00000,0x000000077e400000)
  to   space 45568K, 0% used [0x000000077f680000,0x000000077f680000,0x0000000782300000)
 ParOldGen       total 260096K, used 86196K [0x00000006c6c00000, 0x00000006d6a00000, 0x000000076cf00000)
  object space 260096K, 33% used [0x00000006c6c00000,0x00000006cc02d2b8,0x00000006d6a00000)
 Metaspace       used 97028K, capacity 102048K, committed 102568K, reserved 1138688K
  class space    used 11444K, capacity 12368K, committed 12464K, reserved 1048576K
Event: 1527,216 GC heap after
Heap after GC invocations=107 (full 7):
 PSYoungGen      total 302592K, used 12924K [0x000000076cf00000, 0x0000000782f00000, 0x00000007c0000000)
  eden space 257024K, 0% used [0x000000076cf00000,0x000000076cf00000,0x000000077ca00000)
  from space 45568K, 28% used [0x000000077f680000,0x000000078031f028,0x0000000782300000)
  to   space 45568K, 0% used [0x000000077ca00000,0x000000077ca00000,0x000000077f680000)
 ParOldGen       total 260096K, used 86204K [0x00000006c6c00000, 0x00000006d6a00000, 0x000000076cf00000)
  object space 260096K, 33% used [0x00000006c6c00000,0x00000006cc02f2b8,0x00000006d6a00000)
 Metaspace       used 97028K, capacity 102048K, committed 102568K, reserved 1138688K
  class space    used 11444K, capacity 12368K, committed 12464K, reserved 1048576K
}
Event: 1533,071 GC heap before
{Heap before GC invocations=108 (full 7):
 PSYoungGen      total 302592K, used 269948K [0x000000076cf00000, 0x0000000782f00000, 0x00000007c0000000)
  eden space 257024K, 100% used [0x000000076cf00000,0x000000077ca00000,0x000000077ca00000)
  from space 45568K, 28% used [0x000000077f680000,0x000000078031f028,0x0000000782300000)
  to   space 45568K, 0% used [0x000000077ca00000,0x000000077ca00000,0x000000077f680000)
 ParOldGen       total 260096K, used 86204K [0x00000006c6c00000, 0x00000006d6a00000, 0x000000076cf00000)
  object space 260096K, 33% used [0x00000006c6c00000,0x00000006cc02f2b8,0x00000006d6a00000)
 Metaspace       used 100276K, capacity 105240K, committed 105768K, reserved 1142784K
  class space    used 11624K, capacity 12532K, committed 12592K, reserved 1048576K
Event: 1533,083 GC heap after
Heap after GC invocations=108 (full 7):
 PSYoungGen      total 302592K, used 19581K [0x000000076cf00000, 0x0000000782900000, 0x00000007c0000000)
  eden space 257024K, 0% used [0x000000076cf00000,0x000000076cf00000,0x000000077ca00000)
  from space 45568K, 42% used [0x000000077ca00000,0x000000077dd1f488,0x000000077f680000)
  to   space 43520K, 0% used [0x000000077fe80000,0x000000077fe80000,0x0000000782900000)
 ParOldGen       total 260096K, used 86212K [0x00000006c6c00000, 0x00000006d6a00000, 0x000000076cf00000)
  object space 260096K, 33% used [0x00000006c6c00000,0x00000006cc0312b8,0x00000006d6a00000)
 Metaspace       used 100276K, capacity 105240K, committed 105768K, reserved 1142784K
  class space    used 11624K, capacity 12532K, committed 12592K, reserved 1048576K
}
Event: 1539,774 GC heap before
{Heap before GC invocations=109 (full 7):
 PSYoungGen      total 302592K, used 276605K [0x000000076cf00000, 0x0000000782900000, 0x00000007c0000000)
  eden space 257024K, 100% used [0x000000076cf00000,0x000000077ca00000,0x000000077ca00000)
  from space 45568K, 42% used [0x000000077ca00000,0x000000077dd1f488,0x000000077f680000)
  to   space 43520K, 0% used [0x000000077fe80000,0x000000077fe80000,0x0000000782900000)
 ParOldGen       total 260096K, used 86212K [0x00000006c6c00000, 0x00000006d6a00000, 0x000000076cf00000)
  object space 260096K, 33% used [0x00000006c6c00000,0x00000006cc0312b8,0x00000006d6a00000)
 Metaspace       used 100276K, capacity 105240K, committed 105768K, reserved 1142784K
  class space    used 11624K, capacity 12532K, committed 12592K, reserved 1048576K
Event: 1539,783 GC heap after
Heap after GC invocations=109 (full 7):
 PSYoungGen      total 304640K, used 23047K [0x000000076cf00000, 0x0000000782480000, 0x00000007c0000000)
  eden space 265728K, 0% used [0x000000076cf00000,0x000000076cf00000,0x000000077d280000)
  from space 38912K, 59% used [0x000000077fe80000,0x0000000781501e88,0x0000000782480000)
  to   space 41984K, 0% used [0x000000077d280000,0x000000077d280000,0x000000077fb80000)
 ParOldGen       total 260096K, used 86220K [0x00000006c6c00000, 0x00000006d6a00000, 0x000000076cf00000)
  object space 260096K, 33% used [0x00000006c6c00000,0x00000006cc0332b8,0x00000006d6a00000)
 Metaspace       used 100276K, capacity 105240K, committed 105768K, reserved 1142784K
  class space    used 11624K, capacity 12532K, committed 12592K, reserved 1048576K
}
Event: 1543,062 GC heap before
{Heap before GC invocations=110 (full 7):
 PSYoungGen      total 304640K, used 288775K [0x000000076cf00000, 0x0000000782480000, 0x00000007c0000000)
  eden space 265728K, 100% used [0x000000076cf00000,0x000000077d280000,0x000000077d280000)
  from space 38912K, 59% used [0x000000077fe80000,0x0000000781501e88,0x0000000782480000)
  to   space 41984K, 0% used [0x000000077d280000,0x000000077d280000,0x000000077fb80000)
 ParOldGen       total 260096K, used 86220K [0x00000006c6c00000, 0x00000006d6a00000, 0x000000076cf00000)
  object space 260096K, 33% used [0x00000006c6c00000,0x00000006cc0332b8,0x00000006d6a00000)
 Metaspace       used 102349K, capacity 107476K, committed 107688K, reserved 1144832K
  class space    used 11750K, capacity 12670K, committed 12720K, reserved 1048576K
Event: 1543,075 GC heap after
Heap after GC invocations=110 (full 7):
 PSYoungGen      total 307712K, used 30857K [0x000000076cf00000, 0x0000000782f00000, 0x00000007c0000000)
  eden space 265728K, 0% used [0x000000076cf00000,0x000000076cf00000,0x000000077d280000)
  from space 41984K, 73% used [0x000000077d280000,0x000000077f0a2738,0x000000077fb80000)
  to   space 43008K, 0% used [0x0000000780500000,0x0000000780500000,0x0000000782f00000)
 ParOldGen       total 260096K, used 86228K [0x00000006c6c00000, 0x00000006d6a00000, 0x000000076cf00000)
  object space 260096K, 33% used [0x00000006c6c00000,0x00000006cc0352b8,0x00000006d6a00000)
 Metaspace       used 102349K, capacity 107476K, committed 107688K, reserved 1144832K
  class space    used 11750K, capacity 12670K, committed 12720K, reserved 1048576K
}
Event: 1546,005 GC heap before
{Heap before GC invocations=111 (full 7):
 PSYoungGen      total 307712K, used 296585K [0x000000076cf00000, 0x0000000782f00000, 0x00000007c0000000)
  eden space 265728K, 100% used [0x000000076cf00000,0x000000077d280000,0x000000077d280000)
  from space 41984K, 73% used [0x000000077d280000,0x000000077f0a2738,0x000000077fb80000)
  to   space 43008K, 0% used [0x0000000780500000,0x0000000780500000,0x0000000782f00000)
 ParOldGen       total 260096K, used 86228K [0x00000006c6c00000, 0x00000006d6a00000, 0x000000076cf00000)
  object space 260096K, 33% used [0x00000006c6c00000,0x00000006cc0352b8,0x00000006d6a00000)
 Metaspace       used 103063K, capacity 108258K, committed 108584K, reserved 1144832K
  class space    used 11815K, capacity 12753K, committed 12848K, reserved 1048576K
Event: 1546,018 GC heap after
Heap after GC invocations=111 (full 7):
 PSYoungGen      total 316416K, used 30650K [0x000000076cf00000, 0x0000000783180000, 0x00000007c0000000)
  eden space 273408K, 0% used [0x000000076cf00000,0x000000076cf00000,0x000000077da00000)
  from space 43008K, 71% used [0x0000000780500000,0x00000007822ee808,0x0000000782f00000)
  to   space 44032K, 0% used [0x000000077da00000,0x000000077da00000,0x0000000780500000)
 ParOldGen       total 260096K, used 86236K [0x00000006c6c00000, 0x00000006d6a00000, 0x000000076cf00000)
  object space 260096K, 33% used [0x00000006c6c00000,0x00000006cc0372b8,0x00000006d6a00000)
 Metaspace       used 103063K, capacity 108258K, committed 108584K, reserved 1144832K
  class space    used 11815K, capacity 12753K, committed 12848K, reserved 1048576K
}

